<?xml version="1.0" encoding="UTF-8"?>
<!-- Generated by org.testng.reporters.JUnitReportReporter -->
<testsuite skipped="0" hostname="DESKTOP-22EUHGG" name="TestCases.DemoTest" tests="1" failures="0" timestamp="06 Jan 2019 10:43:26 GMT" time="15.491" errors="0">
  <testcase name="my_First_Test_Case" time="15.491" classname="TestCases.DemoTest"/>
</testsuite> <!-- TestCases.DemoTest -->
